<?xml version="1.0" encoding="UTF-8"?>
<testsuite xmlns:xsi="http://www.w3.org/2001/XMLSchema-instance" xsi:noNamespaceSchemaLocation="https://maven.apache.org/surefire/maven-surefire-plugin/xsd/surefire-test-report.xsd" name="CreateUserTest" time="5.048" tests="5" errors="0" skipped="0" failures="0">
  <properties>
[...]
</properties>
  <testcase name="createUserEmailNullValueTest" classname="CreateUserTest" time="0.743"/>
  <testcase name="createUserHappyPathTest" classname="CreateUserTest" time="1.204"/>
  <testcase name="createUserTwiceTest" classname="CreateUserTest" time="1.696"/>
  <testcase name="createUserNameNullValueTest" classname="CreateUserTest" time="1.012"/>
  <testcase name="createUserPasswordNullValueTest" classname="CreateUserTest" time="0.385"/>
</testsuite>